#
# A fatal error has been detected by the Java Runtime Environment:
#
#  SIGSEGV (0xb) at pc=0xb6ec769a, pid=31052, tid=1856498544
#
# JRE version: 6.0_43-b01
# Java VM: Java HotSpot(TM) Server VM (20.14-b01 mixed mode linux-x86 )
# Problematic frame:
# V  [libjvm.so+0x3e369a]  java_lang_String::utf8_length(oopDesc*)+0x3a
#
# If you would like to submit a bug report, please visit:
#   http://java.sun.com/webapps/bugreport/crash.jsp
#

---------------  T H R E A D  ---------------

Current thread (0xb69bf400):  JavaThread "JDWP Transport Listener: dt_socket" daemon [_thread_in_vm, id=31071, stack(0x6ea2e000,0x6ea7f000)]

siginfo:si_signo=SIGSEGV: si_errno=0, si_code=1 (SEGV_MAPERR), si_addr=0x00000004

Registers:
EAX=0xb72f19e8, EBX=0xb72e8cc8, ECX=0x00000010, EDX=0x9f13e6e8
ESP=0x6ea7ddd0, EBP=0x6ea7dde8, ESI=0x00000000, EDI=0x00000000
EIP=0xb6ec769a, EFLAGS=0x00210202, CR2=0x00000004

Top of Stack: (sp=0x6ea7ddd0)
0x6ea7ddd0:   b69bf400 00000000 b6ec766b b72e8cc8
0x6ea7dde0:   b69bf400 9f13e6e8 6ea7de58 b6ef01e8
0x6ea7ddf0:   9f13e6e8 00000000 00000008 b6ef0129
0x6ea7de00:   b69bf400 6e504c28 b69bf520 6ea7de10
0x6ea7de10:   b69bf400 00000000 6ea7de58 b6a600c9
0x6ea7de20:   b69bf400 00000001 b69525a4 b6a6c438
0x6ea7de30:   b69bf400 6ea7e020 6ea7de58 b6a4f23c
0x6ea7de40:   6e509f7c 6ea7e020 00000000 b6a6c438 

Instructions: (pc=0xb6ec769a)
0xb6ec767a:   00 8b 55 08 8b 30 8b 83 b4 12 00 00 8d 3c 16 8b
0xb6ec768a:   37 8b 38 8d 04 17 8b 38 8b 83 d4 21 00 00 8b 08
0xb6ec769a:   8b 46 04 01 ca 83 c0 08 8b 0a 80 78 05 05 74 0a
0xb6ec76aa:   89 c8 8d 65 f4 5b 5e 5f 5d c3 85 c9 8d 54 7e 0c 

Register to memory mapping:

EAX=0xb72f19e8: <offset 0x80d9e8> in /opt/jdk1.6.0_43/jre/lib/i386/server/libjvm.so at 0xb6ae4000
EBX=0xb72e8cc8: <offset 0x804cc8> in /opt/jdk1.6.0_43/jre/lib/i386/server/libjvm.so at 0xb6ae4000
ECX=0x00000010 is an unknown value
EDX=0x9f13e6e8 is an oop
java.lang.String 
 - klass: 'java/lang/String'
ESP=0x6ea7ddd0 is pointing into the stack for thread: 0xb69bf400
EBP=0x6ea7dde8 is pointing into the stack for thread: 0xb69bf400
ESI=0x00000000 is an unknown value
EDI=0x00000000 is an unknown value


Stack: [0x6ea2e000,0x6ea7f000],  sp=0x6ea7ddd0,  free space=319k
Native frames: (J=compiled Java code, j=interpreted, Vv=VM code, C=native code)
V  [libjvm.so+0x3e369a]  java_lang_String::utf8_length(oopDesc*)+0x3a
V  [libjvm.so+0x40c1e8]  unsigned+0xd8
C  [libjdwp.so+0x9de1]  void+0x91
C  [libjdwp.so+0x13143]  double+0x233
C  [libjdwp.so+0x27fd5]  char+0x75
C  [libjdwp.so+0x282d3]  signed char+0x33
V  [libjvm.so+0x4fa629]  JvmtiAgentThread::start_function_wrapper(JavaThread*, Thread*)+0x79
V  [libjvm.so+0x6e495f]  JavaThread::run()+0x11f
V  [libjvm.so+0x5e4dae]  java_start(Thread*)+0x14e
C  [libpthread.so.0+0x6a49]  signed char+0x6a49


---------------  P R O C E S S  ---------------

Java Threads: ( => current thread )
  0x6dc7e800 JavaThread "AWT-EventQueue-0" [_thread_blocked, id=31086, stack(0x6da85000,0x6dad6000)]
  0x6dc78000 JavaThread "AWT-Shutdown" [_thread_blocked, id=31085, stack(0x6dad6000,0x6db27000)]
  0x6dc63000 JavaThread "AWT-XAWT" daemon [_thread_in_native, id=31082, stack(0x6db27000,0x6db78000)]
  0x6dc17400 JavaThread "Java2D Disposer" daemon [_thread_blocked, id=31081, stack(0x6e116000,0x6e167000)]
  0xb69c7400 JavaThread "Low Memory Detector" daemon [_thread_blocked, id=31078, stack(0x6e22e000,0x6e27f000)]
  0xb69c5800 JavaThread "C2 CompilerThread1" daemon [_thread_blocked, id=31077, stack(0x6e27f000,0x6e300000)]
  0xb69c3800 JavaThread "C2 CompilerThread0" daemon [_thread_blocked, id=31076, stack(0x6e42e000,0x6e4af000)]
  0x6e500c00 JavaThread "JDWP Command Reader" daemon [_thread_in_native, id=31073, stack(0x6e4af000,0x6e500000)]
  0xb69c1c00 JavaThread "JDWP Event Helper Thread" daemon [_thread_blocked, id=31072, stack(0x6e645000,0x6e696000)]
=>0xb69bf400 JavaThread "JDWP Transport Listener: dt_socket" daemon [_thread_in_vm, id=31071, stack(0x6ea2e000,0x6ea7f000)]
  0xb69b7800 JavaThread "Signal Dispatcher" daemon [_thread_blocked, id=31067, stack(0x6ec2e000,0x6ec7f000)]
  0xb69a9c00 JavaThread "Finalizer" daemon [_thread_blocked, id=31065, stack(0x6ee2e000,0x6ee7f000)]
  0xb69a8800 JavaThread "Reference Handler" daemon [_thread_blocked, id=31064, stack(0x6e696000,0x6e6e7000)]
  0xb6906000 JavaThread "main" [_thread_blocked, id=31058, stack(0xb6a93000,0xb6ae4000)]

Other Threads:
  0xb69a4c00 VMThread [stack: 0x6e6e7000,0x6e768000] [id=31063]
  0xb69d1400 WatcherThread [stack: 0x6e1ad000,0x6e22e000] [id=31079]

VM state:not at safepoint (normal execution)

VM Mutex/Monitor currently owned by a thread: None

Heap
 PSYoungGen      total 35584K, used 19522K [0x9df40000, 0xa04a0000, 0xb3490000)
  eden space 32896K, 56% used [0x9df40000,0x9f180760,0x9ff60000)
  from space 2688K, 30% used [0xa0200000,0xa02d0488,0xa04a0000)
  to   space 2688K, 0% used [0x9ff60000,0x9ff60000,0xa0200000)
 PSOldGen        total 43712K, used 12816K [0x73490000, 0x75f40000, 0x9df40000)
  object space 43712K, 29% used [0x73490000,0x74114040,0x75f40000)
 PSPermGen       total 16384K, used 9424K [0x6f490000, 0x70490000, 0x73490000)
  object space 16384K, 57% used [0x6f490000,0x6fdc4020,0x70490000)

Code Cache  [0xb355b000, 0xb379b000, 0xb655b000)
 total_blobs=301 nmethods=92 adapters=171 free_code_cache=49707776 largest_free_block=7296

Dynamic libraries:
00170000-002a5000 r-xp 00000000 fd:00 1720901    /usr/lib/libX11.so.6.3.0
002a5000-002a9000 rwxp 00134000 fd:00 1720901    /usr/lib/libX11.so.6.3.0
002ab000-002ad000 r-xp 00000000 fd:00 1720899    /usr/lib/libXau.so.6.0.0
002ad000-002ae000 rwxp 00001000 fd:00 1720899    /usr/lib/libXau.so.6.0.0
002b0000-002cf000 r-xp 00000000 fd:00 1720900    /usr/lib/libxcb.so.1.1.0
002cf000-002d0000 rwxp 0001f000 fd:00 1720900    /usr/lib/libxcb.so.1.1.0
003f8000-00409000 r-xp 00000000 fd:00 1721939    /usr/lib/libXext.so.6.4.0
00409000-0040a000 rwxp 00011000 fd:00 1721939    /usr/lib/libXext.so.6.4.0
00507000-00515000 r-xp 00000000 fd:00 1722340    /usr/lib/libXi.so.6.1.0
00515000-00516000 rwxp 0000d000 fd:00 1722340    /usr/lib/libXi.so.6.1.0
00518000-00520000 r-xp 00000000 fd:00 1720904    /usr/lib/libXrender.so.1.3.0
00520000-00521000 rwxp 00008000 fd:00 1720904    /usr/lib/libXrender.so.1.3.0
00523000-00527000 r-xp 00000000 fd:00 1722649    /usr/lib/libXfixes.so.3.1.0
00527000-00528000 rwxp 00004000 fd:00 1722649    /usr/lib/libXfixes.so.3.1.0
00536000-0053f000 r-xp 00000000 fd:00 1722651    /usr/lib/libXcursor.so.1.0.2
0053f000-00540000 rwxp 00009000 fd:00 1722651    /usr/lib/libXcursor.so.1.0.2
00ab5000-00aba000 r-xp 00000000 fd:00 1729777    /usr/lib/libXtst.so.6.1.0
00aba000-00abb000 rwxp 00004000 fd:00 1729777    /usr/lib/libXtst.so.6.1.0
00ac3000-00ae1000 r-xp 00000000 fd:00 2229364    /lib/ld-2.12.so
00ae1000-00ae2000 r-xp 0001d000 fd:00 2229364    /lib/ld-2.12.so
00ae2000-00ae3000 rwxp 0001e000 fd:00 2229364    /lib/ld-2.12.so
00ae9000-00c79000 r-xp 00000000 fd:00 2233110    /lib/libc-2.12.so
00c79000-00c7a000 ---p 00190000 fd:00 2233110    /lib/libc-2.12.so
00c7a000-00c7c000 r-xp 00190000 fd:00 2233110    /lib/libc-2.12.so
00c7c000-00c7d000 rwxp 00192000 fd:00 2233110    /lib/libc-2.12.so
00c7d000-00c80000 rwxp 00000000 00:00 0 
00c82000-00c85000 r-xp 00000000 fd:00 2233114    /lib/libdl-2.12.so
00c85000-00c86000 r-xp 00002000 fd:00 2233114    /lib/libdl-2.12.so
00c86000-00c87000 rwxp 00003000 fd:00 2233114    /lib/libdl-2.12.so
00c89000-00ca0000 r-xp 00000000 fd:00 2233111    /lib/libpthread-2.12.so
00ca0000-00ca1000 r-xp 00016000 fd:00 2233111    /lib/libpthread-2.12.so
00ca1000-00ca2000 rwxp 00017000 fd:00 2233111    /lib/libpthread-2.12.so
00ca2000-00ca4000 rwxp 00000000 00:00 0 
00ca6000-00cce000 r-xp 00000000 fd:00 2233516    /lib/libm-2.12.so
00cce000-00ccf000 r-xp 00027000 fd:00 2233516    /lib/libm-2.12.so
00ccf000-00cd0000 rwxp 00028000 fd:00 2233516    /lib/libm-2.12.so
00cd2000-00cd9000 r-xp 00000000 fd:00 2233112    /lib/librt-2.12.so
00cd9000-00cda000 r-xp 00006000 fd:00 2233112    /lib/librt-2.12.so
00cda000-00cdb000 rwxp 00007000 fd:00 2233112    /lib/librt-2.12.so
07b9e000-07bb5000 r-xp 00000000 fd:00 2233530    /lib/libnsl-2.12.so
07bb5000-07bb6000 r-xp 00016000 fd:00 2233530    /lib/libnsl-2.12.so
07bb6000-07bb7000 rwxp 00017000 fd:00 2233530    /lib/libnsl-2.12.so
07bb7000-07bb9000 rwxp 00000000 00:00 0 
08048000-08052000 r-xp 00000000 fd:00 795815     /opt/jdk1.6.0_43/bin/java
08052000-08053000 rwxp 00009000 fd:00 795815     /opt/jdk1.6.0_43/bin/java
08566000-08587000 rwxp 00000000 00:00 0          [heap]
6c800000-6c8ef000 rwxp 00000000 00:00 0 
6c8ef000-6c900000 ---p 00000000 00:00 0 
6c900000-6c9f0000 rwxp 00000000 00:00 0 
6c9f0000-6ca00000 ---p 00000000 00:00 0 
6ca00000-6ca22000 rwxp 00000000 00:00 0 
6ca22000-6cb00000 ---p 00000000 00:00 0 
6cc00000-6cde5000 rwxp 00000000 00:00 0 
6cde5000-6ce00000 ---p 00000000 00:00 0 
6ce00000-6cff3000 rwxp 00000000 00:00 0 
6cff3000-6d000000 ---p 00000000 00:00 0 
6d000000-6d0f5000 rwxp 00000000 00:00 0 
6d0f5000-6d100000 ---p 00000000 00:00 0 
6d15e000-6d161000 ---p 00000000 00:00 0 
6d161000-6d1af000 rwxp 00000000 00:00 0 
6d1af000-6d1b2000 ---p 00000000 00:00 0 
6d1b2000-6d200000 rwxp 00000000 00:00 0 
6d200000-6d2ff000 rwxp 00000000 00:00 0 
6d2ff000-6d300000 ---p 00000000 00:00 0 
6d300000-6d3ff000 rwxp 00000000 00:00 0 
6d3ff000-6d400000 ---p 00000000 00:00 0 
6d400000-6d4fa000 rwxp 00000000 00:00 0 
6d4fa000-6d500000 ---p 00000000 00:00 0 
6d500000-6d5fe000 rwxp 00000000 00:00 0 
6d5fe000-6d600000 ---p 00000000 00:00 0 
6d600000-6d6ff000 rwxp 00000000 00:00 0 
6d6ff000-6d700000 ---p 00000000 00:00 0 
6d734000-6d737000 ---p 00000000 00:00 0 
6d737000-6d785000 rwxp 00000000 00:00 0 
6d785000-6da85000 rwxs 00000000 00:04 1171750948  /SYSV00000000 (deleted)
6da85000-6da88000 ---p 00000000 00:00 0 
6da88000-6dad6000 rwxp 00000000 00:00 0 
6dad6000-6dad9000 ---p 00000000 00:00 0 
6dad9000-6db27000 rwxp 00000000 00:00 0 
6db27000-6db2a000 ---p 00000000 00:00 0 
6db2a000-6db78000 rwxp 00000000 00:00 0 
6db78000-6dbf1000 r-xp 00000000 fd:00 535456     /opt/jdk1.6.0_43/jre/lib/i386/libfontmanager.so
6dbf1000-6dbfb000 rwxp 00079000 fd:00 535456     /opt/jdk1.6.0_43/jre/lib/i386/libfontmanager.so
6dbfb000-6dc00000 rwxp 00000000 00:00 0 
6dc00000-6dcef000 rwxp 00000000 00:00 0 
6dcef000-6dd00000 ---p 00000000 00:00 0 
6dd50000-6ddd5000 r-xp 00000000 fd:00 535448     /opt/jdk1.6.0_43/jre/lib/i386/libawt.so
6ddd5000-6dddc000 rwxp 00085000 fd:00 535448     /opt/jdk1.6.0_43/jre/lib/i386/libawt.so
6dddc000-6de00000 rwxp 00000000 00:00 0 
6de00000-6df00000 rwxp 00000000 00:00 0 
6df00000-6e000000 rwxp 00000000 00:00 0 
6e000000-6e0f9000 rwxp 00000000 00:00 0 
6e0f9000-6e100000 ---p 00000000 00:00 0 
6e116000-6e119000 ---p 00000000 00:00 0 
6e119000-6e167000 rwxp 00000000 00:00 0 
6e167000-6e1aa000 r-xp 00000000 fd:00 535451     /opt/jdk1.6.0_43/jre/lib/i386/xawt/libmawt.so
6e1aa000-6e1ac000 rwxp 00043000 fd:00 535451     /opt/jdk1.6.0_43/jre/lib/i386/xawt/libmawt.so
6e1ac000-6e1ad000 rwxp 00000000 00:00 0 
6e1ad000-6e1ae000 ---p 00000000 00:00 0 
6e1ae000-6e22e000 rwxp 00000000 00:00 0 
6e22e000-6e231000 ---p 00000000 00:00 0 
6e231000-6e27f000 rwxp 00000000 00:00 0 
6e27f000-6e282000 ---p 00000000 00:00 0 
6e282000-6e300000 rwxp 00000000 00:00 0 
6e300000-6e321000 rwxp 00000000 00:00 0 
6e321000-6e400000 ---p 00000000 00:00 0 
6e42e000-6e431000 ---p 00000000 00:00 0 
6e431000-6e4af000 rwxp 00000000 00:00 0 
6e4af000-6e4b2000 ---p 00000000 00:00 0 
6e4b2000-6e500000 rwxp 00000000 00:00 0 
6e500000-6e537000 rwxp 00000000 00:00 0 
6e537000-6e600000 ---p 00000000 00:00 0 
6e645000-6e648000 ---p 00000000 00:00 0 
6e648000-6e696000 rwxp 00000000 00:00 0 
6e696000-6e699000 ---p 00000000 00:00 0 
6e699000-6e6e7000 rwxp 00000000 00:00 0 
6e6e7000-6e6e8000 ---p 00000000 00:00 0 
6e6e8000-6e768000 rwxp 00000000 00:00 0 
6e768000-6e900000 r-xs 03083000 fd:00 524954     /opt/jdk1.6.0_43/jre/lib/rt.jar
6e900000-6e921000 rwxp 00000000 00:00 0 
6e921000-6ea00000 ---p 00000000 00:00 0 
6ea2e000-6ea31000 ---p 00000000 00:00 0 
6ea31000-6ea7f000 rwxp 00000000 00:00 0 
6ea7f000-6ea80000 ---p 00000000 00:00 0 
6ea80000-6eb00000 rwxp 00000000 00:00 0 
6eb00000-6ec00000 rwxp 00000000 00:00 0 
6ec2e000-6ec31000 ---p 00000000 00:00 0 
6ec31000-6ec7f000 rwxp 00000000 00:00 0 
6ec7f000-6ec80000 ---p 00000000 00:00 0 
6ec80000-6ed00000 rwxp 00000000 00:00 0 
6ed00000-6edfe000 rwxp 00000000 00:00 0 
6edfe000-6ee00000 ---p 00000000 00:00 0 
6ee2e000-6ee31000 ---p 00000000 00:00 0 
6ee31000-6ee7f000 rwxp 00000000 00:00 0 
6ee7f000-6ee80000 ---p 00000000 00:00 0 
6ee80000-6ef00000 rwxp 00000000 00:00 0 
6ef00000-6f000000 rwxp 00000000 00:00 0 
6f01b000-6f02f000 r-xp 00000000 fd:00 535437     /opt/jdk1.6.0_43/jre/lib/i386/libnet.so
6f02f000-6f030000 rwxp 00013000 fd:00 535437     /opt/jdk1.6.0_43/jre/lib/i386/libnet.so
6f030000-6f044000 r-xp 00000000 fd:00 1708698    /usr/share/locale/zh_CN/LC_MESSAGES/libc.mo
6f044000-6f078000 rwxp 00000000 00:00 0 
6f078000-6f079000 ---p 00000000 00:00 0 
6f079000-6f101000 rwxp 00000000 00:00 0 
6f101000-6f119000 rwxp 00000000 00:00 0 
6f119000-6f12f000 rwxp 00000000 00:00 0 
6f12f000-6f26f000 rwxp 00000000 00:00 0 
6f26f000-6f277000 rwxp 00000000 00:00 0 
6f277000-6f28f000 rwxp 00000000 00:00 0 
6f28f000-6f2a5000 rwxp 00000000 00:00 0 
6f2a5000-6f3e4000 rwxp 00000000 00:00 0 
6f3e4000-6f3f8000 rwxp 00000000 00:00 0 
6f3f8000-6f48f000 rwxp 00000000 00:00 0 
6f48f000-70490000 rwxp 00000000 00:00 0 
70490000-73490000 rwxp 00000000 00:00 0 
73490000-75f40000 rwxp 00000000 00:00 0 
75f40000-9df40000 rwxp 00000000 00:00 0 
9df40000-a04a0000 rwxp 00000000 00:00 0 
a04a0000-b3490000 rwxp 00000000 00:00 0 
b349b000-b34a4000 rwxp 00000000 00:00 0 
b34a4000-b355b000 rwxp 00000000 00:00 0 
b355b000-b379b000 rwxp 00000000 00:00 0 
b379b000-b655b000 rwxp 00000000 00:00 0 
b655b000-b656a000 r-xp 00000000 fd:00 535433     /opt/jdk1.6.0_43/jre/lib/i386/libzip.so
b656a000-b656c000 rwxp 0000e000 fd:00 535433     /opt/jdk1.6.0_43/jre/lib/i386/libzip.so
b656c000-b66c0000 r-xp 03270000 fd:00 1730088    /usr/lib/locale/locale-archive
b66c0000-b6700000 r-xp 02d7f000 fd:00 1730088    /usr/lib/locale/locale-archive
b6700000-b6900000 r-xp 00000000 fd:00 1730088    /usr/lib/locale/locale-archive
b6900000-b69ff000 rwxp 00000000 00:00 0 
b69ff000-b6a00000 ---p 00000000 00:00 0 
b6a02000-b6a05000 r-xs 000cc000 fd:00 536207     /opt/jdk1.6.0_43/jre/lib/ext/localedata.jar
b6a05000-b6a0c000 r-xp 00000000 fd:00 535438     /opt/jdk1.6.0_43/jre/lib/i386/libnio.so
b6a0c000-b6a0d000 rwxp 00006000 fd:00 535438     /opt/jdk1.6.0_43/jre/lib/i386/libnio.so
b6a0d000-b6a19000 r-xp 00000000 fd:00 2238096    /lib/libnss_files-2.12.so
b6a19000-b6a1a000 r-xp 0000b000 fd:00 2238096    /lib/libnss_files-2.12.so
b6a1a000-b6a1b000 rwxp 0000c000 fd:00 2238096    /lib/libnss_files-2.12.so
b6a1d000-b6a24000 r-xs 00000000 fd:00 1709668    /usr/lib/gconv/gconv-modules.cache
b6a24000-b6a27000 r-xs 000b5000 fd:02 7479200    /home/blee/workspaces/vnc/properJavaRDP/lib/javaxt-core.jar
b6a27000-b6a2a000 r-xs 00016000 fd:02 2887430    /home/blee/workspaces/vnc/properJavaRDP/lib/log4j-java1.1.jar
b6a2a000-b6a32000 rwxs 00000000 fd:00 1311069    /tmp/hsperfdata_blee/31052
b6a32000-b6a6c000 r-xp 00000000 fd:00 535466     /opt/jdk1.6.0_43/jre/lib/i386/libjdwp.so
b6a6c000-b6a6d000 rwxp 00039000 fd:00 535466     /opt/jdk1.6.0_43/jre/lib/i386/libjdwp.so
b6a6d000-b6a91000 r-xp 00000000 fd:00 535429     /opt/jdk1.6.0_43/jre/lib/i386/libjava.so
b6a91000-b6a93000 rwxp 00023000 fd:00 535429     /opt/jdk1.6.0_43/jre/lib/i386/libjava.so
b6a93000-b6a96000 ---p 00000000 00:00 0 
b6a96000-b6ae4000 rwxp 00000000 00:00 0 
b6ae4000-b7299000 r-xp 00000000 fd:00 535417     /opt/jdk1.6.0_43/jre/lib/i386/server/libjvm.so
b7299000-b72ed000 rwxp 007b5000 fd:00 535417     /opt/jdk1.6.0_43/jre/lib/i386/server/libjvm.so
b72ed000-b770d000 rwxp 00000000 00:00 0 
b770d000-b7714000 r-xp 00000000 fd:00 535431     /opt/jdk1.6.0_43/jre/lib/i386/jli/libjli.so
b7714000-b7716000 rwxp 00006000 fd:00 535431     /opt/jdk1.6.0_43/jre/lib/i386/jli/libjli.so
b7716000-b7717000 r-xs 0000d000 fd:02 7479120    /home/blee/workspaces/vnc/properJavaRDP/lib/java-getopt-1.0.13.jar
b7717000-b771a000 r-xp 00000000 fd:00 535467     /opt/jdk1.6.0_43/jre/lib/i386/libdt_socket.so
b771a000-b771b000 rwxp 00003000 fd:00 535467     /opt/jdk1.6.0_43/jre/lib/i386/libdt_socket.so
b771b000-b771e000 r-xp 00000000 fd:00 535434     /opt/jdk1.6.0_43/jre/lib/i386/libnpt.so
b771e000-b771f000 rwxp 00002000 fd:00 535434     /opt/jdk1.6.0_43/jre/lib/i386/libnpt.so
b771f000-b7720000 rwxp 00000000 00:00 0 
b7720000-b7721000 r-xp 00000000 00:00 0 
b7721000-b772c000 r-xp 00000000 fd:00 535428     /opt/jdk1.6.0_43/jre/lib/i386/libverify.so
b772c000-b772d000 rwxp 0000b000 fd:00 535428     /opt/jdk1.6.0_43/jre/lib/i386/libverify.so
b772d000-b772e000 rwxp 00000000 00:00 0 
b772e000-b772f000 r-xp 00000000 00:00 0          [vdso]
bf9a8000-bf9bd000 rwxp 00000000 00:00 0          [stack]

VM Arguments:
jvm_args: -agentlib:jdwp=transport=dt_socket,suspend=y,address=localhost:53810 -Dfile.encoding=UTF-8 
java_command: net.propero.rdp.Rdesktop -u admin 192.168.9.65 -p 123456 -g 1024x768 -r 'disk:linux=/home/blee'
Launcher Type: SUN_STANDARD

Environment Variables:
JAVA_HOME=/opt/jdk1.6.0_29
CLASSPATH=.:/opt/jdk1.6.0_43/lib:
PATH=/usr/local/xuggler/bin:/opt/jdk1.6.0_29/bin:/opt/apache-ant-1.8.2/bin:/usr/lib/qt-3.3/bin:/opt/apache-ant-1.8.2/bin:/opt/jdk1.6.0_43/bin:/usr/local/bin:/usr/bin:/bin:/usr/local/sbin:/usr/sbin:/sbin:/home/blee/program/android-sdk-linux/platform-tools:/home/blee/program/android-sdk-linux/tools:/opt/flex/bin:/home/blee/bin
USERNAME=blee
LD_LIBRARY_PATH=/opt/jdk1.6.0_43/jre/lib/i386/server:/opt/jdk1.6.0_43/jre/lib/i386:/opt/jdk1.6.0_43/jre/../lib/i386:/opt/jdk1.6.0_43/jre/lib/i386/client:/opt/jdk1.6.0_43/jre/lib/i386:/usr/local/xuggler/lib:
SHELL=/bin/bash
DISPLAY=:0.0

Signal Handlers:
SIGSEGV: [libjvm.so+0x7285f0], sa_mask[0]=0x7ffbfeff, sa_flags=0x10000004
SIGBUS: [libjvm.so+0x7285f0], sa_mask[0]=0x7ffbfeff, sa_flags=0x10000004
SIGFPE: [libjvm.so+0x5e21c0], sa_mask[0]=0x7ffbfeff, sa_flags=0x10000004
SIGPIPE: [libjvm.so+0x5e21c0], sa_mask[0]=0x7ffbfeff, sa_flags=0x10000004
SIGXFSZ: [libjvm.so+0x5e21c0], sa_mask[0]=0x7ffbfeff, sa_flags=0x10000004
SIGILL: [libjvm.so+0x5e21c0], sa_mask[0]=0x7ffbfeff, sa_flags=0x10000004
SIGUSR1: SIG_DFL, sa_mask[0]=0x00000000, sa_flags=0x00000000
SIGUSR2: [libjvm.so+0x5e5420], sa_mask[0]=0x00000004, sa_flags=0x10000004
SIGHUP: [libjvm.so+0x5e5000], sa_mask[0]=0x7ffbfeff, sa_flags=0x10000004
SIGINT: [libjvm.so+0x5e5000], sa_mask[0]=0x7ffbfeff, sa_flags=0x10000004
SIGTERM: [libjvm.so+0x5e5000], sa_mask[0]=0x7ffbfeff, sa_flags=0x10000004
SIGQUIT: [libjvm.so+0x5e5000], sa_mask[0]=0x7ffbfeff, sa_flags=0x10000004


---------------  S Y S T E M  ---------------

OS:Red Hat Enterprise Linux Server release 6.3 (Santiago)

uname:Linux 2.6.32-358.23.2.el6.i686 #1 SMP Wed Oct 16 17:21:31 UTC 2013 i686
libc:glibc 2.12 NPTL 2.12 
rlimit: STACK 10240k, CORE 0k, NPROC 1024, NOFILE 4096, AS infinity
load average:0.33 0.16 0.11

/proc/meminfo:
MemTotal:        8133480 kB
MemFree:          170952 kB
Buffers:          366884 kB
Cached:          1594016 kB
SwapCached:        15568 kB
Active:          3802832 kB
Inactive:        1580516 kB
Active(anon):    2806936 kB
Inactive(anon):   640156 kB
Active(file):     995896 kB
Inactive(file):   940360 kB
Unevictable:           0 kB
Mlocked:               0 kB
HighTotal:       7432840 kB
HighFree:         161432 kB
LowTotal:         700640 kB
LowFree:            9520 kB
SwapTotal:      10305528 kB
SwapFree:       10165456 kB
Dirty:             31152 kB
Writeback:             0 kB
AnonPages:       3411860 kB
Mapped:          1511312 kB
Shmem:             24572 kB
Slab:             167980 kB
SReclaimable:     130904 kB
SUnreclaim:        37076 kB
KernelStack:        6552 kB
PageTables:        36240 kB
NFS_Unstable:          0 kB
Bounce:                0 kB
WritebackTmp:          0 kB
CommitLimit:    14372268 kB
Committed_AS:    8384908 kB
VmallocTotal:     122880 kB
VmallocUsed:       56628 kB
VmallocChunk:      42492 kB
HugePages_Total:       0
HugePages_Free:        0
HugePages_Rsvd:        0
HugePages_Surp:        0
Hugepagesize:       2048 kB
DirectMap4k:      686072 kB
DirectMap2M:      221184 kB


CPU:total 4 (2 cores per cpu, 2 threads per core) family 6 model 42 stepping 7, cmov, cx8, fxsr, mmx, sse, sse2, sse3, ssse3, sse4.1, sse4.2, popcnt, ht

/proc/cpuinfo:
processor	: 0
vendor_id	: GenuineIntel
cpu family	: 6
model		: 42
model name	: Intel(R) Core(TM) i7-2620M CPU @ 2.70GHz
stepping	: 7
cpu MHz		: 800.000
cache size	: 4096 KB
physical id	: 0
siblings	: 4
core id		: 0
cpu cores	: 2
apicid		: 0
initial apicid	: 0
fdiv_bug	: no
hlt_bug		: no
f00f_bug	: no
coma_bug	: no
fpu		: yes
fpu_exception	: yes
cpuid level	: 13
wp		: yes
flags		: fpu vme de pse tsc msr pae mce cx8 apic sep mtrr pge mca cmov pat pse36 clflush dts acpi mmx fxsr sse sse2 ss ht tm pbe nx rdtscp lm constant_tsc arch_perfmon pebs bts xtopology nonstop_tsc aperfmperf pni pclmulqdq dtes64 monitor ds_cpl vmx smx est tm2 ssse3 cx16 xtpr pdcm pcid sse4_1 sse4_2 x2apic popcnt tsc_deadline_timer aes xsave avx lahf_lm ida arat epb xsaveopt pln pts dts tpr_shadow vnmi flexpriority ept vpid
bogomips	: 5382.44
clflush size	: 64
cache_alignment	: 64
address sizes	: 36 bits physical, 48 bits virtual
power management:

processor	: 1
vendor_id	: GenuineIntel
cpu family	: 6
model		: 42
model name	: Intel(R) Core(TM) i7-2620M CPU @ 2.70GHz
stepping	: 7
cpu MHz		: 2701.000
cache size	: 4096 KB
physical id	: 0
siblings	: 4
core id		: 0
cpu cores	: 2
apicid		: 1
initial apicid	: 1
fdiv_bug	: no
hlt_bug		: no
f00f_bug	: no
coma_bug	: no
fpu		: yes
fpu_exception	: yes
cpuid level	: 13
wp		: yes
flags		: fpu vme de pse tsc msr pae mce cx8 apic sep mtrr pge mca cmov pat pse36 clflush dts acpi mmx fxsr sse sse2 ss ht tm pbe nx rdtscp lm constant_tsc arch_perfmon pebs bts xtopology nonstop_tsc aperfmperf pni pclmulqdq dtes64 monitor ds_cpl vmx smx est tm2 ssse3 cx16 xtpr pdcm pcid sse4_1 sse4_2 x2apic popcnt tsc_deadline_timer aes xsave avx lahf_lm ida arat epb xsaveopt pln pts dts tpr_shadow vnmi flexpriority ept vpid
bogomips	: 5382.44
clflush size	: 64
cache_alignment	: 64
address sizes	: 36 bits physical, 48 bits virtual
power management:

processor	: 2
vendor_id	: GenuineIntel
cpu family	: 6
model		: 42
model name	: Intel(R) Core(TM) i7-2620M CPU @ 2.70GHz
stepping	: 7
cpu MHz		: 2701.000
cache size	: 4096 KB
physical id	: 0
siblings	: 4
core id		: 1
cpu cores	: 2
apicid		: 2
initial apicid	: 2
fdiv_bug	: no
hlt_bug		: no
f00f_bug	: no
coma_bug	: no
fpu		: yes
fpu_exception	: yes
cpuid level	: 13
wp		: yes
flags		: fpu vme de pse tsc msr pae mce cx8 apic sep mtrr pge mca cmov pat pse36 clflush dts acpi mmx fxsr sse sse2 ss ht tm pbe nx rdtscp lm constant_tsc arch_perfmon pebs bts xtopology nonstop_tsc aperfmperf pni pclmulqdq dtes64 monitor ds_cpl vmx smx est tm2 ssse3 cx16 xtpr pdcm pcid sse4_1 sse4_2 x2apic popcnt tsc_deadline_timer aes xsave avx lahf_lm ida arat epb xsaveopt pln pts dts tpr_shadow vnmi flexpriority ept vpid
bogomips	: 5382.44
clflush size	: 64
cache_alignment	: 64
address sizes	: 36 bits physical, 48 bits virtual
power management:

processor	: 3
vendor_id	: GenuineIntel
cpu family	: 6
model		: 42
model name	: Intel(R) Core(TM) i7-2620M CPU @ 2.70GHz
stepping	: 7
cpu MHz		: 800.000
cache size	: 4096 KB
physical id	: 0
siblings	: 4
core id		: 1
cpu cores	: 2
apicid		: 3
initial apicid	: 3
fdiv_bug	: no
hlt_bug		: no
f00f_bug	: no
coma_bug	: no
fpu		: yes
fpu_exception	: yes
cpuid level	: 13
wp		: yes
flags		: fpu vme de pse tsc msr pae mce cx8 apic sep mtrr pge mca cmov pat pse36 clflush dts acpi mmx fxsr sse sse2 ss ht tm pbe nx rdtscp lm constant_tsc arch_perfmon pebs bts xtopology nonstop_tsc aperfmperf pni pclmulqdq dtes64 monitor ds_cpl vmx smx est tm2 ssse3 cx16 xtpr pdcm pcid sse4_1 sse4_2 x2apic popcnt tsc_deadline_timer aes xsave avx lahf_lm ida arat epb xsaveopt pln pts dts tpr_shadow vnmi flexpriority ept vpid
bogomips	: 5382.44
clflush size	: 64
cache_alignment	: 64
address sizes	: 36 bits physical, 48 bits virtual
power management:



Memory: 4k page, physical 8133480k(170952k free), swap 10305528k(10165456k free)

vm_info: Java HotSpot(TM) Server VM (20.14-b01) for linux-x86 JRE (1.6.0_43-b01), built on Mar  1 2013 02:47:40 by "java_re" with gcc 3.2.1-7a (J2SE release)

time: Wed Dec  4 16:58:57 2013
elapsed time: 57 seconds

